This is pdfTeX, Version 3.14159265-2.6-1.40.16 (TeX Live 2015/Debian) (preloaded format=pdflatex 2020.1.22)  14 FEB 2020 09:37
entering extended mode
 restricted \write18 enabled.
 %&-line parsing enabled.
**main.tex
(./main.tex
LaTeX2e <2016/02/01>
Babel <3.9q> and hyphenation patterns for 81 language(s) loaded.
(/usr/share/texlive/texmf-dist/tex/latex/koma-script/scrbook.cls
Document Class: scrbook 2015/10/03 v3.19a KOMA-Script document class (book)
(/usr/share/texlive/texmf-dist/tex/latex/koma-script/scrkbase.sty
Package: scrkbase 2015/10/03 v3.19a KOMA-Script package (KOMA-Script-dependent 
basics and keyval usage)

(/usr/share/texlive/texmf-dist/tex/latex/koma-script/scrbase.sty
Package: scrbase 2015/10/03 v3.19a KOMA-Script package (KOMA-Script-independent
 basics and keyval usage)

(/usr/share/texlive/texmf-dist/tex/latex/graphics/keyval.sty
Package: keyval 2014/10/28 v1.15 key=value parser (DPC)
\KV@toks@=\toks14
)
(/usr/share/texlive/texmf-dist/tex/latex/koma-script/scrlfile.sty
Package: scrlfile 2015/10/03 v3.19a KOMA-Script package (loading files)

Package scrlfile, 2015/10/03 v3.19a KOMA-Script package (loading files)
                  Copyright (C) Markus Kohm

))) (/usr/share/texlive/texmf-dist/tex/latex/koma-script/tocbasic.sty
Package: tocbasic 2015/10/03 v3.19a KOMA-Script package (handling toc-files)
)
Package tocbasic Info: omitting babel extension for `toc'
(tocbasic)             because of feature `nobabel' available
(tocbasic)             for `toc' on input line 125.
Package tocbasic Info: omitting babel extension for `lof'
(tocbasic)             because of feature `nobabel' available
(tocbasic)             for `lof' on input line 126.
Package tocbasic Info: omitting babel extension for `lot'
(tocbasic)             because of feature `nobabel' available
(tocbasic)             for `lot' on input line 127.
Package tocbasic Info: defining new hook before heading of `' on input line 158
4.
Package scrbook Info: You've used standard option `11pt'.
(scrbook)             This is correct!
(scrbook)             Internally I'm using `fontsize=11pt'.
(scrbook)             If you'd like to set the option with \KOMAoptions,
(scrbook)             you'd have to use `fontsize=11pt' there
(scrbook)             instead of `11pt', too.


Class scrbook Warning: You've used obsolete option `bibtotoc'.
(scrbook)              Usage of this option indicates an old document
(scrbook)              and changes compatibility level using
(scrbook)              `bibliography=totoc,version=first'.
(scrbook)              If you don't want this, you should simply
(scrbook)              replace option `bibtotoc' by `bibliography=totoc'.

Class scrbook Info: Switching compatibility level to `first'.

Class scrbook Warning: You've used obsolete option `idxtotoc'.
(scrbook)              Usage of this option indicates an old document
(scrbook)              and changes compatibility level using
(scrbook)              `index=totoc,version=first'.
(scrbook)              If you don't want this, you should simply
(scrbook)              replace option `idxtotoc' by `index=totoc'.

Class scrbook Info: Switching compatibility level to `first'.
Class scrbook Info: File `scrsize11pt.clo' used to setup font sizes on input li
ne 2251.
(/usr/share/texlive/texmf-dist/tex/latex/koma-script/scrsize11pt.clo
File: scrsize11pt.clo 2015/10/03 v3.19a KOMA-Script font size class option (11p
t)
)
(/usr/share/texlive/texmf-dist/tex/latex/koma-script/typearea.sty
Package: typearea 2015/10/03 v3.19a KOMA-Script package (type area)

Package typearea, 2015/10/03 v3.19a KOMA-Script package (type area)
                  Copyright (C) Frank Neukam, 1992-1994
                  Copyright (C) Markus Kohm, 1994-

\ta@bcor=\skip41
\ta@div=\count79
Package typearea Info: You've used standard option `a4paper'.
(typearea)             This is correct!
(typearea)             Internally I'm using `paper=a4'.
(typearea)             If you'd like to set the option with \KOMAoptions,
(typearea)             you'd have to use `paper=a4' there
(typearea)             instead of `a4paper', too.

Package typearea Warning: You've used obsolete option `footexclude'.
(typearea)                Usage of this option indicates an old document
(typearea)                and changes compatibility level using
(typearea)                `footinclude=false,version=first'.
(typearea)                If you don't want this, you should simply
(typearea)                replace option `footexclude' by `footinclude=false'.

Package typearea Info: Switching compatibility level to `first'.
\ta@hblk=\skip42
\ta@vblk=\skip43
\ta@temp=\skip44
\footheight=\skip45
Package typearea Info: These are the values describing the layout:
(typearea)             DIV  = 13
(typearea)             BCOR = 39.83385pt
(typearea)             \paperwidth      = 597.50793pt
(typearea)              \textwidth      = 428.9801pt
(typearea)              DIV departure   = -9%
(typearea)              \evensidemargin = 13.526pt
(typearea)              \oddsidemargin  = 10.46185pt
(typearea)             \paperheight     = 845.04694pt
(typearea)              \textheight     = 568.60025pt
(typearea)              \topmargin      = -7.26639pt
(typearea)              \headheight     = 17.0pt
(typearea)              \headsep        = 20.40001pt
(typearea)              \topskip        = 11.0pt
(typearea)              \footskip       = 47.6pt
(typearea)              \baselineskip   = 13.6pt
(typearea)              on input line 1509.
)
\c@part=\count80
\c@chapter=\count81
\c@section=\count82
\c@subsection=\count83
\c@subsubsection=\count84
\c@paragraph=\count85
\c@subparagraph=\count86
LaTeX Info: Redefining \textsubscript on input line 4654.
\abovecaptionskip=\skip46
\belowcaptionskip=\skip47
\c@pti@nb@sid@b@x=\box26
\c@figure=\count87
\c@table=\count88
\bibindent=\dimen102
) (./components/info.tex) (./components/settings.tex
(/usr/share/texlive/texmf-dist/tex/latex/koma-script/scrpage2.sty
Package: scrpage2 2015/10/03 v3.19a KOMA-Script package (page head and foot)
LaTeX Info: Redefining \pagemark on input line 174.
)
(/usr/share/texlive/texmf-dist/tex/latex/base/ifthen.sty
Package: ifthen 2014/09/29 v1.1c Standard LaTeX ifthen package (DPC)
)
(/usr/share/texlive/texmf-dist/tex/latex/psnfss/palatino.sty
Package: palatino 2005/04/12 PSNFSS-v9.2a (SPQR) 
)
(/usr/share/texlive/texmf-dist/tex/latex/psnfss/pifont.sty
Package: pifont 2005/04/12 PSNFSS-v9.2a Pi font support (SPQR) 
LaTeX Font Info:    Try loading font information for U+pzd on input line 63.

(/usr/share/texlive/texmf-dist/tex/latex/psnfss/upzd.fd
File: upzd.fd 2001/06/04 font definitions for U/pzd.
)
LaTeX Font Info:    Try loading font information for U+psy on input line 64.

(/usr/share/texlive/texmf-dist/tex/latex/psnfss/upsy.fd
File: upsy.fd 2001/06/04 font definitions for U/psy.
))
(/usr/share/texlive/texmf-dist/tex/generic/thumbpdf/thumbpdf.sty
Package: thumbpdf 2014/07/15 v3.16 Inclusion of thumbnails (HO)


Package thumbpdf Warning: Compressed PDF objects of PDF 1.5 are not supported.


Package thumbpdf Warning: Thumbnail data file `main.tpt' not found.

) (/usr/share/texlive/texmf-dist/tex/latex/subfigure/subfigure.sty
Package: subfigure 2002/03/15 v2.1.5 subfigure package
\subfigtopskip=\skip48
\subfigcapskip=\skip49
\subfigcaptopadj=\dimen103
\subfigbottomskip=\skip50
\subfigcapmargin=\dimen104
\subfiglabelskip=\skip51
\c@subfigure=\count89
\c@lofdepth=\count90
\c@subtable=\count91
\c@lotdepth=\count92

****************************************
* Local config file subfigure.cfg used *
****************************************
(/usr/share/texlive/texmf-dist/tex/latex/subfigure/subfigure.cfg)
\subfig@top=\skip52
\subfig@bottom=\skip53
)
(/usr/share/texlive/texmf-dist/tex/latex/colortbl/colortbl.sty
Package: colortbl 2012/02/13 v1.0a Color table columns (DPC)

(/usr/share/texlive/texmf-dist/tex/latex/tools/array.sty
Package: array 2014/10/28 v2.4c Tabular extension package (FMi)
\col@sep=\dimen105
\extrarowheight=\dimen106
\NC@list=\toks15
\extratabsurround=\skip54
\backup@length=\skip55
)
(/usr/share/texlive/texmf-dist/tex/latex/graphics/color.sty
Package: color 2016/01/03 v1.1b Standard LaTeX Color (DPC)

(/usr/share/texlive/texmf-dist/tex/latex/latexconfig/color.cfg
File: color.cfg 2007/01/18 v1.5 color configuration of teTeX/TeXLive
)
Package color Info: Driver file: pdftex.def on input line 143.

(/usr/share/texlive/texmf-dist/tex/latex/pdftex-def/pdftex.def
File: pdftex.def 2011/05/27 v0.06d Graphics/color for pdfTeX

(/usr/share/texlive/texmf-dist/tex/generic/oberdiek/infwarerr.sty
Package: infwarerr 2010/04/08 v1.3 Providing info/warning/error messages (HO)
)
(/usr/share/texlive/texmf-dist/tex/generic/oberdiek/ltxcmds.sty
Package: ltxcmds 2011/11/09 v1.22 LaTeX kernel commands for general use (HO)
)
\Gread@gobject=\count93
))
\everycr=\toks16
\minrowclearance=\skip56
)
(./styles/tumlogo.sty)
(/usr/share/texlive/texmf-dist/tex/latex/multirow/multirow.sty
\bigstrutjot=\dimen107
)
(/usr/share/texlive/texmf-dist/tex/latex/amsmath/amsmath.sty
Package: amsmath 2016/03/03 v2.15a AMS math features
\@mathmargin=\skip57

For additional information on amsmath, use the `?' option.
(/usr/share/texlive/texmf-dist/tex/latex/amsmath/amstext.sty
Package: amstext 2000/06/29 v2.01 AMS text

(/usr/share/texlive/texmf-dist/tex/latex/amsmath/amsgen.sty
File: amsgen.sty 1999/11/30 v2.0 generic functions
\@emptytoks=\toks17
\ex@=\dimen108
))
(/usr/share/texlive/texmf-dist/tex/latex/amsmath/amsbsy.sty
Package: amsbsy 1999/11/29 v1.2d Bold Symbols
\pmbraise@=\dimen109
)
(/usr/share/texlive/texmf-dist/tex/latex/amsmath/amsopn.sty
Package: amsopn 1999/12/14 v2.01 operator names
)
\inf@bad=\count94
LaTeX Info: Redefining \frac on input line 199.
\uproot@=\count95
\leftroot@=\count96
LaTeX Info: Redefining \overline on input line 297.
\classnum@=\count97
\DOTSCASE@=\count98
LaTeX Info: Redefining \ldots on input line 394.
LaTeX Info: Redefining \dots on input line 397.
LaTeX Info: Redefining \cdots on input line 518.
\Mathstrutbox@=\box27
\strutbox@=\box28
\big@size=\dimen110
LaTeX Font Info:    Redeclaring font encoding OML on input line 630.
LaTeX Font Info:    Redeclaring font encoding OMS on input line 631.
\macc@depth=\count99
\c@MaxMatrixCols=\count100
\dotsspace@=\muskip10
\c@parentequation=\count101
\dspbrk@lvl=\count102
\tag@help=\toks18
\row@=\count103
\column@=\count104
\maxfields@=\count105
\andhelp@=\toks19
\eqnshift@=\dimen111
\alignsep@=\dimen112
\tagshift@=\dimen113
\tagwidth@=\dimen114
\totwidth@=\dimen115
\lineht@=\dimen116
\@envbody=\toks20
\multlinegap=\skip58
\multlinetaggap=\skip59
\mathdisplay@stack=\toks21
LaTeX Info: Redefining \[ on input line 2735.
LaTeX Info: Redefining \] on input line 2736.
)
(/usr/share/texlive/texmf-dist/tex/latex/amsfonts/amsfonts.sty
Package: amsfonts 2013/01/14 v3.01 Basic AMSFonts support
\symAMSa=\mathgroup4
\symAMSb=\mathgroup5
LaTeX Font Info:    Overwriting math alphabet `\mathfrak' in version `bold'
(Font)                  U/euf/m/n --> U/euf/b/n on input line 106.
)
(/usr/share/texlive/texmf-dist/tex/latex/amsfonts/amssymb.sty
Package: amssymb 2013/01/14 v3.01 AMS font symbols
)
(/usr/share/texlive/texmf-dist/tex/latex/base/textcomp.sty
Package: textcomp 2005/09/27 v1.99g Standard LaTeX package
Package textcomp Info: Sub-encoding information:
(textcomp)               5 = only ISO-Adobe without \textcurrency
(textcomp)               4 = 5 + \texteuro
(textcomp)               3 = 4 + \textohm
(textcomp)               2 = 3 + \textestimated + \textcurrency
(textcomp)               1 = TS1 - \textcircled - \t
(textcomp)               0 = TS1 (full)
(textcomp)             Font families with sub-encoding setting implement
(textcomp)             only a restricted character set as indicated.
(textcomp)             Family '?' is the default used for unknown fonts.
(textcomp)             See the documentation for details.
Package textcomp Info: Setting ? sub-encoding to TS1/1 on input line 79.

(/usr/share/texlive/texmf-dist/tex/latex/base/ts1enc.def
File: ts1enc.def 2001/06/05 v3.0e (jk/car/fm) Standard LaTeX file
)
LaTeX Info: Redefining \oldstylenums on input line 334.
Package textcomp Info: Setting cmr sub-encoding to TS1/0 on input line 349.
Package textcomp Info: Setting cmss sub-encoding to TS1/0 on input line 350.
Package textcomp Info: Setting cmtt sub-encoding to TS1/0 on input line 351.
Package textcomp Info: Setting cmvtt sub-encoding to TS1/0 on input line 352.
Package textcomp Info: Setting cmbr sub-encoding to TS1/0 on input line 353.
Package textcomp Info: Setting cmtl sub-encoding to TS1/0 on input line 354.
Package textcomp Info: Setting ccr sub-encoding to TS1/0 on input line 355.
Package textcomp Info: Setting ptm sub-encoding to TS1/4 on input line 356.
Package textcomp Info: Setting pcr sub-encoding to TS1/4 on input line 357.
Package textcomp Info: Setting phv sub-encoding to TS1/4 on input line 358.
Package textcomp Info: Setting ppl sub-encoding to TS1/3 on input line 359.
Package textcomp Info: Setting pag sub-encoding to TS1/4 on input line 360.
Package textcomp Info: Setting pbk sub-encoding to TS1/4 on input line 361.
Package textcomp Info: Setting pnc sub-encoding to TS1/4 on input line 362.
Package textcomp Info: Setting pzc sub-encoding to TS1/4 on input line 363.
Package textcomp Info: Setting bch sub-encoding to TS1/4 on input line 364.
Package textcomp Info: Setting put sub-encoding to TS1/5 on input line 365.
Package textcomp Info: Setting uag sub-encoding to TS1/5 on input line 366.
Package textcomp Info: Setting ugq sub-encoding to TS1/5 on input line 367.
Package textcomp Info: Setting ul8 sub-encoding to TS1/4 on input line 368.
Package textcomp Info: Setting ul9 sub-encoding to TS1/4 on input line 369.
Package textcomp Info: Setting augie sub-encoding to TS1/5 on input line 370.
Package textcomp Info: Setting dayrom sub-encoding to TS1/3 on input line 371.
Package textcomp Info: Setting dayroms sub-encoding to TS1/3 on input line 372.

Package textcomp Info: Setting pxr sub-encoding to TS1/0 on input line 373.
Package textcomp Info: Setting pxss sub-encoding to TS1/0 on input line 374.
Package textcomp Info: Setting pxtt sub-encoding to TS1/0 on input line 375.
Package textcomp Info: Setting txr sub-encoding to TS1/0 on input line 376.
Package textcomp Info: Setting txss sub-encoding to TS1/0 on input line 377.
Package textcomp Info: Setting txtt sub-encoding to TS1/0 on input line 378.
Package textcomp Info: Setting lmr sub-encoding to TS1/0 on input line 379.
Package textcomp Info: Setting lmdh sub-encoding to TS1/0 on input line 380.
Package textcomp Info: Setting lmss sub-encoding to TS1/0 on input line 381.
Package textcomp Info: Setting lmssq sub-encoding to TS1/0 on input line 382.
Package textcomp Info: Setting lmvtt sub-encoding to TS1/0 on input line 383.
Package textcomp Info: Setting lmtt sub-encoding to TS1/0 on input line 384.
Package textcomp Info: Setting qhv sub-encoding to TS1/0 on input line 385.
Package textcomp Info: Setting qag sub-encoding to TS1/0 on input line 386.
Package textcomp Info: Setting qbk sub-encoding to TS1/0 on input line 387.
Package textcomp Info: Setting qcr sub-encoding to TS1/0 on input line 388.
Package textcomp Info: Setting qcs sub-encoding to TS1/0 on input line 389.
Package textcomp Info: Setting qpl sub-encoding to TS1/0 on input line 390.
Package textcomp Info: Setting qtm sub-encoding to TS1/0 on input line 391.
Package textcomp Info: Setting qzc sub-encoding to TS1/0 on input line 392.
Package textcomp Info: Setting qhvc sub-encoding to TS1/0 on input line 393.
Package textcomp Info: Setting futs sub-encoding to TS1/4 on input line 394.
Package textcomp Info: Setting futx sub-encoding to TS1/4 on input line 395.
Package textcomp Info: Setting futj sub-encoding to TS1/4 on input line 396.
Package textcomp Info: Setting hlh sub-encoding to TS1/3 on input line 397.
Package textcomp Info: Setting hls sub-encoding to TS1/3 on input line 398.
Package textcomp Info: Setting hlst sub-encoding to TS1/3 on input line 399.
Package textcomp Info: Setting hlct sub-encoding to TS1/5 on input line 400.
Package textcomp Info: Setting hlx sub-encoding to TS1/5 on input line 401.
Package textcomp Info: Setting hlce sub-encoding to TS1/5 on input line 402.
Package textcomp Info: Setting hlcn sub-encoding to TS1/5 on input line 403.
Package textcomp Info: Setting hlcw sub-encoding to TS1/5 on input line 404.
Package textcomp Info: Setting hlcf sub-encoding to TS1/5 on input line 405.
Package textcomp Info: Setting pplx sub-encoding to TS1/3 on input line 406.
Package textcomp Info: Setting pplj sub-encoding to TS1/3 on input line 407.
Package textcomp Info: Setting ptmx sub-encoding to TS1/4 on input line 408.
Package textcomp Info: Setting ptmj sub-encoding to TS1/4 on input line 409.
)
(/usr/share/texlive/texmf-dist/tex/latex/yhmath/yhmath.sty
Package: yhmath 
LaTeX Font Info:    Redeclaring symbol font `largesymbols' on input line 12.
LaTeX Font Info:    Overwriting symbol font `largesymbols' in version `normal'
(Font)                  OMX/cmex/m/n --> OMX/yhex/m/n on input line 12.
LaTeX Font Info:    Overwriting symbol font `largesymbols' in version `bold'
(Font)                  OMX/cmex/m/n --> OMX/yhex/m/n on input line 12.
LaTeX Font Info:    Redeclaring math accent \widetilde on input line 13.
LaTeX Font Info:    Redeclaring math accent \widehat on input line 14.
)
(/usr/share/texlive/texmf-dist/tex/latex/base/makeidx.sty
Package: makeidx 2014/09/29 v1.0m Standard LaTeX package
)
(/usr/share/texlive/texmf-dist/tex/latex/float/float.sty
Package: float 2001/11/08 v1.3d Float enhancements (AL)
\c@float@type=\count106
\float@exts=\toks22
\float@box=\box29
\@float@everytoks=\toks23
\@floatcapt=\box30
)
(/usr/share/texlive/texmf-dist/tex/generic/babel/babel.sty
Package: babel 2016/02/24 3.9q The Babel package

(/usr/share/texlive/texmf-dist/tex/generic/babel-german/german.ldf
Language: german 2014/10/10 v2.7b German support for babel (traditional orthogr
aphy)

(/usr/share/texlive/texmf-dist/tex/generic/babel-german/germanb.ldf
Language: germanb 2014/10/10 v2.7b German support for babel (traditional orthog
raphy)

(/usr/share/texlive/texmf-dist/tex/generic/babel/babel.def
File: babel.def 2016/02/24 3.9q Babel common definitions
\babel@savecnt=\count107
\U@D=\dimen117
)
\l@austrian = a dialect from \language\l@german 
Package babel Info: Making " an active character on input line 110.
))
(/usr/share/texlive/texmf-dist/tex/generic/babel-english/english.ldf
Language: english 2012/08/20 v3.3p English support from the babel system
\l@canadian = a dialect from \language\l@american 
\l@australian = a dialect from \language\l@british 
\l@newzealand = a dialect from \language\l@british 
))
(/usr/share/texlive/texmf-dist/tex/latex/base/inputenc.sty
Package: inputenc 2015/03/17 v1.2c Input encoding file
\inpenc@prehook=\toks24
\inpenc@posthook=\toks25

(/usr/share/texlive/texmf-dist/tex/latex/base/utf8.def
File: utf8.def 2015/12/03 v1.1r UTF-8 support for inputenc
Now handling font encoding OML ...
... no UTF-8 mapping file for font encoding OML
Now handling font encoding T1 ...
... processing UTF-8 mapping file for font encoding T1

(/usr/share/texlive/texmf-dist/tex/latex/base/t1enc.dfu
File: t1enc.dfu 2015/12/03 v1.1r UTF-8 support for inputenc
   defining Unicode char U+00A0 (decimal 160)
   defining Unicode char U+00A1 (decimal 161)
   defining Unicode char U+00A3 (decimal 163)
   defining Unicode char U+00AB (decimal 171)
   defining Unicode char U+00AD (decimal 173)
   defining Unicode char U+00BB (decimal 187)
   defining Unicode char U+00BF (decimal 191)
   defining Unicode char U+00C0 (decimal 192)
   defining Unicode char U+00C1 (decimal 193)
   defining Unicode char U+00C2 (decimal 194)
   defining Unicode char U+00C3 (decimal 195)
   defining Unicode char U+00C4 (decimal 196)
   defining Unicode char U+00C5 (decimal 197)
   defining Unicode char U+00C6 (decimal 198)
   defining Unicode char U+00C7 (decimal 199)
   defining Unicode char U+00C8 (decimal 200)
   defining Unicode char U+00C9 (decimal 201)
   defining Unicode char U+00CA (decimal 202)
   defining Unicode char U+00CB (decimal 203)
   defining Unicode char U+00CC (decimal 204)
   defining Unicode char U+00CD (decimal 205)
   defining Unicode char U+00CE (decimal 206)
   defining Unicode char U+00CF (decimal 207)
   defining Unicode char U+00D0 (decimal 208)
   defining Unicode char U+00D1 (decimal 209)
   defining Unicode char U+00D2 (decimal 210)
   defining Unicode char U+00D3 (decimal 211)
   defining Unicode char U+00D4 (decimal 212)
   defining Unicode char U+00D5 (decimal 213)
   defining Unicode char U+00D6 (decimal 214)
   defining Unicode char U+00D8 (decimal 216)
   defining Unicode char U+00D9 (decimal 217)
   defining Unicode char U+00DA (decimal 218)
   defining Unicode char U+00DB (decimal 219)
   defining Unicode char U+00DC (decimal 220)
   defining Unicode char U+00DD (decimal 221)
   defining Unicode char U+00DE (decimal 222)
   defining Unicode char U+00DF (decimal 223)
   defining Unicode char U+00E0 (decimal 224)
   defining Unicode char U+00E1 (decimal 225)
   defining Unicode char U+00E2 (decimal 226)
   defining Unicode char U+00E3 (decimal 227)
   defining Unicode char U+00E4 (decimal 228)
   defining Unicode char U+00E5 (decimal 229)
   defining Unicode char U+00E6 (decimal 230)
   defining Unicode char U+00E7 (decimal 231)
   defining Unicode char U+00E8 (decimal 232)
   defining Unicode char U+00E9 (decimal 233)
   defining Unicode char U+00EA (decimal 234)
   defining Unicode char U+00EB (decimal 235)
   defining Unicode char U+00EC (decimal 236)
   defining Unicode char U+00ED (decimal 237)
   defining Unicode char U+00EE (decimal 238)
   defining Unicode char U+00EF (decimal 239)
   defining Unicode char U+00F0 (decimal 240)
   defining Unicode char U+00F1 (decimal 241)
   defining Unicode char U+00F2 (decimal 242)
   defining Unicode char U+00F3 (decimal 243)
   defining Unicode char U+00F4 (decimal 244)
   defining Unicode char U+00F5 (decimal 245)
   defining Unicode char U+00F6 (decimal 246)
   defining Unicode char U+00F8 (decimal 248)
   defining Unicode char U+00F9 (decimal 249)
   defining Unicode char U+00FA (decimal 250)
   defining Unicode char U+00FB (decimal 251)
   defining Unicode char U+00FC (decimal 252)
   defining Unicode char U+00FD (decimal 253)
   defining Unicode char U+00FE (decimal 254)
   defining Unicode char U+00FF (decimal 255)
   defining Unicode char U+0100 (decimal 256)
   defining Unicode char U+0101 (decimal 257)
   defining Unicode char U+0102 (decimal 258)
   defining Unicode char U+0103 (decimal 259)
   defining Unicode char U+0104 (decimal 260)
   defining Unicode char U+0105 (decimal 261)
   defining Unicode char U+0106 (decimal 262)
   defining Unicode char U+0107 (decimal 263)
   defining Unicode char U+0108 (decimal 264)
   defining Unicode char U+0109 (decimal 265)
   defining Unicode char U+010A (decimal 266)
   defining Unicode char U+010B (decimal 267)
   defining Unicode char U+010C (decimal 268)
   defining Unicode char U+010D (decimal 269)
   defining Unicode char U+010E (decimal 270)
   defining Unicode char U+010F (decimal 271)
   defining Unicode char U+0110 (decimal 272)
   defining Unicode char U+0111 (decimal 273)
   defining Unicode char U+0112 (decimal 274)
   defining Unicode char U+0113 (decimal 275)
   defining Unicode char U+0114 (decimal 276)
   defining Unicode char U+0115 (decimal 277)
   defining Unicode char U+0116 (decimal 278)
   defining Unicode char U+0117 (decimal 279)
   defining Unicode char U+0118 (decimal 280)
   defining Unicode char U+0119 (decimal 281)
   defining Unicode char U+011A (decimal 282)
   defining Unicode char U+011B (decimal 283)
   defining Unicode char U+011C (decimal 284)
   defining Unicode char U+011D (decimal 285)
   defining Unicode char U+011E (decimal 286)
   defining Unicode char U+011F (decimal 287)
   defining Unicode char U+0120 (decimal 288)
   defining Unicode char U+0121 (decimal 289)
   defining Unicode char U+0122 (decimal 290)
   defining Unicode char U+0123 (decimal 291)
   defining Unicode char U+0124 (decimal 292)
   defining Unicode char U+0125 (decimal 293)
   defining Unicode char U+0128 (decimal 296)
   defining Unicode char U+0129 (decimal 297)
   defining Unicode char U+012A (decimal 298)
   defining Unicode char U+012B (decimal 299)
   defining Unicode char U+012C (decimal 300)
   defining Unicode char U+012D (decimal 301)
   defining Unicode char U+012E (decimal 302)
   defining Unicode char U+012F (decimal 303)
   defining Unicode char U+0130 (decimal 304)
   defining Unicode char U+0131 (decimal 305)
   defining Unicode char U+0132 (decimal 306)
   defining Unicode char U+0133 (decimal 307)
   defining Unicode char U+0134 (decimal 308)
   defining Unicode char U+0135 (decimal 309)
   defining Unicode char U+0136 (decimal 310)
   defining Unicode char U+0137 (decimal 311)
   defining Unicode char U+0139 (decimal 313)
   defining Unicode char U+013A (decimal 314)
   defining Unicode char U+013B (decimal 315)
   defining Unicode char U+013C (decimal 316)
   defining Unicode char U+013D (decimal 317)
   defining Unicode char U+013E (decimal 318)
   defining Unicode char U+0141 (decimal 321)
   defining Unicode char U+0142 (decimal 322)
   defining Unicode char U+0143 (decimal 323)
   defining Unicode char U+0144 (decimal 324)
   defining Unicode char U+0145 (decimal 325)
   defining Unicode char U+0146 (decimal 326)
   defining Unicode char U+0147 (decimal 327)
   defining Unicode char U+0148 (decimal 328)
   defining Unicode char U+014A (decimal 330)
   defining Unicode char U+014B (decimal 331)
   defining Unicode char U+014C (decimal 332)
   defining Unicode char U+014D (decimal 333)
   defining Unicode char U+014E (decimal 334)
   defining Unicode char U+014F (decimal 335)
   defining Unicode char U+0150 (decimal 336)
   defining Unicode char U+0151 (decimal 337)
   defining Unicode char U+0152 (decimal 338)
   defining Unicode char U+0153 (decimal 339)
   defining Unicode char U+0154 (decimal 340)
   defining Unicode char U+0155 (decimal 341)
   defining Unicode char U+0156 (decimal 342)
   defining Unicode char U+0157 (decimal 343)
   defining Unicode char U+0158 (decimal 344)
   defining Unicode char U+0159 (decimal 345)
   defining Unicode char U+015A (decimal 346)
   defining Unicode char U+015B (decimal 347)
   defining Unicode char U+015C (decimal 348)
   defining Unicode char U+015D (decimal 349)
   defining Unicode char U+015E (decimal 350)
   defining Unicode char U+015F (decimal 351)
   defining Unicode char U+0160 (decimal 352)
   defining Unicode char U+0161 (decimal 353)
   defining Unicode char U+0162 (decimal 354)
   defining Unicode char U+0163 (decimal 355)
   defining Unicode char U+0164 (decimal 356)
   defining Unicode char U+0165 (decimal 357)
   defining Unicode char U+0168 (decimal 360)
   defining Unicode char U+0169 (decimal 361)
   defining Unicode char U+016A (decimal 362)
   defining Unicode char U+016B (decimal 363)
   defining Unicode char U+016C (decimal 364)
   defining Unicode char U+016D (decimal 365)
   defining Unicode char U+016E (decimal 366)
   defining Unicode char U+016F (decimal 367)
   defining Unicode char U+0170 (decimal 368)
   defining Unicode char U+0171 (decimal 369)
   defining Unicode char U+0172 (decimal 370)
   defining Unicode char U+0173 (decimal 371)
   defining Unicode char U+0174 (decimal 372)
   defining Unicode char U+0175 (decimal 373)
   defining Unicode char U+0176 (decimal 374)
   defining Unicode char U+0177 (decimal 375)
   defining Unicode char U+0178 (decimal 376)
   defining Unicode char U+0179 (decimal 377)
   defining Unicode char U+017A (decimal 378)
   defining Unicode char U+017B (decimal 379)
   defining Unicode char U+017C (decimal 380)
   defining Unicode char U+017D (decimal 381)
   defining Unicode char U+017E (decimal 382)
   defining Unicode char U+01CD (decimal 461)
   defining Unicode char U+01CE (decimal 462)
   defining Unicode char U+01CF (decimal 463)
   defining Unicode char U+01D0 (decimal 464)
   defining Unicode char U+01D1 (decimal 465)
   defining Unicode char U+01D2 (decimal 466)
   defining Unicode char U+01D3 (decimal 467)
   defining Unicode char U+01D4 (decimal 468)
   defining Unicode char U+01E2 (decimal 482)
   defining Unicode char U+01E3 (decimal 483)
   defining Unicode char U+01E6 (decimal 486)
   defining Unicode char U+01E7 (decimal 487)
   defining Unicode char U+01E8 (decimal 488)
   defining Unicode char U+01E9 (decimal 489)
   defining Unicode char U+01EA (decimal 490)
   defining Unicode char U+01EB (decimal 491)
   defining Unicode char U+01F0 (decimal 496)
   defining Unicode char U+01F4 (decimal 500)
   defining Unicode char U+01F5 (decimal 501)
   defining Unicode char U+0218 (decimal 536)
   defining Unicode char U+0219 (decimal 537)
   defining Unicode char U+021A (decimal 538)
   defining Unicode char U+021B (decimal 539)
   defining Unicode char U+01E02 (decimal 7682)
   defining Unicode char U+01E03 (decimal 7683)
   defining Unicode char U+200C (decimal 8204)
   defining Unicode char U+2013 (decimal 8211)
   defining Unicode char U+2014 (decimal 8212)
   defining Unicode char U+2018 (decimal 8216)
   defining Unicode char U+2019 (decimal 8217)
   defining Unicode char U+201A (decimal 8218)
   defining Unicode char U+201C (decimal 8220)
   defining Unicode char U+201D (decimal 8221)
   defining Unicode char U+201E (decimal 8222)
   defining Unicode char U+2030 (decimal 8240)
   defining Unicode char U+2031 (decimal 8241)
   defining Unicode char U+2039 (decimal 8249)
   defining Unicode char U+203A (decimal 8250)
   defining Unicode char U+2423 (decimal 9251)
)
Now handling font encoding OT1 ...
... processing UTF-8 mapping file for font encoding OT1

(/usr/share/texlive/texmf-dist/tex/latex/base/ot1enc.dfu
File: ot1enc.dfu 2015/12/03 v1.1r UTF-8 support for inputenc
   defining Unicode char U+00A0 (decimal 160)
   defining Unicode char U+00A1 (decimal 161)
   defining Unicode char U+00A3 (decimal 163)
   defining Unicode char U+00AD (decimal 173)
   defining Unicode char U+00B8 (decimal 184)
   defining Unicode char U+00BF (decimal 191)
   defining Unicode char U+00C5 (decimal 197)
   defining Unicode char U+00C6 (decimal 198)
   defining Unicode char U+00D8 (decimal 216)
   defining Unicode char U+00DF (decimal 223)
   defining Unicode char U+00E6 (decimal 230)
   defining Unicode char U+00EC (decimal 236)
   defining Unicode char U+00ED (decimal 237)
   defining Unicode char U+00EE (decimal 238)
   defining Unicode char U+00EF (decimal 239)
   defining Unicode char U+00F8 (decimal 248)
   defining Unicode char U+0131 (decimal 305)
   defining Unicode char U+0141 (decimal 321)
   defining Unicode char U+0142 (decimal 322)
   defining Unicode char U+0152 (decimal 338)
   defining Unicode char U+0153 (decimal 339)
   defining Unicode char U+0174 (decimal 372)
   defining Unicode char U+0175 (decimal 373)
   defining Unicode char U+0176 (decimal 374)
   defining Unicode char U+0177 (decimal 375)
   defining Unicode char U+0218 (decimal 536)
   defining Unicode char U+0219 (decimal 537)
   defining Unicode char U+021A (decimal 538)
   defining Unicode char U+021B (decimal 539)
   defining Unicode char U+2013 (decimal 8211)
   defining Unicode char U+2014 (decimal 8212)
   defining Unicode char U+2018 (decimal 8216)
   defining Unicode char U+2019 (decimal 8217)
   defining Unicode char U+201C (decimal 8220)
   defining Unicode char U+201D (decimal 8221)
)
Now handling font encoding OMS ...
... processing UTF-8 mapping file for font encoding OMS

(/usr/share/texlive/texmf-dist/tex/latex/base/omsenc.dfu
File: omsenc.dfu 2015/12/03 v1.1r UTF-8 support for inputenc
   defining Unicode char U+00A7 (decimal 167)
   defining Unicode char U+00B6 (decimal 182)
   defining Unicode char U+00B7 (decimal 183)
   defining Unicode char U+2020 (decimal 8224)
   defining Unicode char U+2021 (decimal 8225)
   defining Unicode char U+2022 (decimal 8226)
)
Now handling font encoding OMX ...
... no UTF-8 mapping file for font encoding OMX
Now handling font encoding U ...
... no UTF-8 mapping file for font encoding U
Now handling font encoding TS1 ...
... processing UTF-8 mapping file for font encoding TS1

(/usr/share/texlive/texmf-dist/tex/latex/base/ts1enc.dfu
File: ts1enc.dfu 2015/12/03 v1.1r UTF-8 support for inputenc
   defining Unicode char U+00A2 (decimal 162)
   defining Unicode char U+00A3 (decimal 163)
   defining Unicode char U+00A4 (decimal 164)
   defining Unicode char U+00A5 (decimal 165)
   defining Unicode char U+00A6 (decimal 166)
   defining Unicode char U+00A7 (decimal 167)
   defining Unicode char U+00A8 (decimal 168)
   defining Unicode char U+00A9 (decimal 169)
   defining Unicode char U+00AA (decimal 170)
   defining Unicode char U+00AC (decimal 172)
   defining Unicode char U+00AE (decimal 174)
   defining Unicode char U+00AF (decimal 175)
   defining Unicode char U+00B0 (decimal 176)
   defining Unicode char U+00B1 (decimal 177)
   defining Unicode char U+00B2 (decimal 178)
   defining Unicode char U+00B3 (decimal 179)
   defining Unicode char U+00B4 (decimal 180)
   defining Unicode char U+00B5 (decimal 181)
   defining Unicode char U+00B6 (decimal 182)
   defining Unicode char U+00B7 (decimal 183)
   defining Unicode char U+00B9 (decimal 185)
   defining Unicode char U+00BA (decimal 186)
   defining Unicode char U+00BC (decimal 188)
   defining Unicode char U+00BD (decimal 189)
   defining Unicode char U+00BE (decimal 190)
   defining Unicode char U+00D7 (decimal 215)
   defining Unicode char U+00F7 (decimal 247)
   defining Unicode char U+0192 (decimal 402)
   defining Unicode char U+02C7 (decimal 711)
   defining Unicode char U+02D8 (decimal 728)
   defining Unicode char U+02DD (decimal 733)
   defining Unicode char U+0E3F (decimal 3647)
   defining Unicode char U+2016 (decimal 8214)
   defining Unicode char U+2020 (decimal 8224)
   defining Unicode char U+2021 (decimal 8225)
   defining Unicode char U+2022 (decimal 8226)
   defining Unicode char U+2030 (decimal 8240)
   defining Unicode char U+2031 (decimal 8241)
   defining Unicode char U+203B (decimal 8251)
   defining Unicode char U+203D (decimal 8253)
   defining Unicode char U+2044 (decimal 8260)
   defining Unicode char U+204E (decimal 8270)
   defining Unicode char U+2052 (decimal 8274)
   defining Unicode char U+20A1 (decimal 8353)
   defining Unicode char U+20A4 (decimal 8356)
   defining Unicode char U+20A6 (decimal 8358)
   defining Unicode char U+20A9 (decimal 8361)
   defining Unicode char U+20AB (decimal 8363)
   defining Unicode char U+20AC (decimal 8364)
   defining Unicode char U+20B1 (decimal 8369)
   defining Unicode char U+2103 (decimal 8451)
   defining Unicode char U+2116 (decimal 8470)
   defining Unicode char U+2117 (decimal 8471)
   defining Unicode char U+211E (decimal 8478)
   defining Unicode char U+2120 (decimal 8480)
   defining Unicode char U+2122 (decimal 8482)
   defining Unicode char U+2126 (decimal 8486)
   defining Unicode char U+2127 (decimal 8487)
   defining Unicode char U+212E (decimal 8494)
   defining Unicode char U+2190 (decimal 8592)
   defining Unicode char U+2191 (decimal 8593)
   defining Unicode char U+2192 (decimal 8594)
   defining Unicode char U+2193 (decimal 8595)
   defining Unicode char U+2329 (decimal 9001)
   defining Unicode char U+232A (decimal 9002)
   defining Unicode char U+2422 (decimal 9250)
   defining Unicode char U+25E6 (decimal 9702)
   defining Unicode char U+25EF (decimal 9711)
   defining Unicode char U+266A (decimal 9834)
)
   defining Unicode char U+00A9 (decimal 169)
   defining Unicode char U+00AA (decimal 170)
   defining Unicode char U+00AE (decimal 174)
   defining Unicode char U+00BA (decimal 186)
   defining Unicode char U+02C6 (decimal 710)
   defining Unicode char U+02DC (decimal 732)
   defining Unicode char U+200C (decimal 8204)
   defining Unicode char U+2026 (decimal 8230)
   defining Unicode char U+2122 (decimal 8482)
   defining Unicode char U+2423 (decimal 9251)
)) (./dropping.sty
Package: dropping 1997/06/12 v.0.12
\bigscale=\count108
\down=\count109
\saveunitlength=\dimen118
\wantedheight=\dimen119

(/usr/share/texlive/texmf-dist/tex/latex/latexconfig/graphics.cfg
File: graphics.cfg 2010/04/23 v1.9 graphics configuration of TeX Live
))
(./styles/shortoverview.sty

LaTeX Warning: You have requested package `styles/shortoverview',
               but the package provides `shortoverview'.

Package: shortoverview 
) (/usr/share/texlive/texmf-dist/tex/latex/graphics/graphicx.sty
Package: graphicx 2014/10/28 v1.0g Enhanced LaTeX Graphics (DPC,SPQR)

(/usr/share/texlive/texmf-dist/tex/latex/graphics/graphics.sty
Package: graphics 2016/01/03 v1.0q Standard LaTeX Graphics (DPC,SPQR)

(/usr/share/texlive/texmf-dist/tex/latex/graphics/trig.sty
Package: trig 2016/01/03 v1.10 sin cos tan (DPC)
)
(/usr/share/texlive/texmf-dist/tex/latex/latexconfig/graphics.cfg
File: graphics.cfg 2010/04/23 v1.9 graphics configuration of TeX Live
)
Package graphics Info: Driver file: pdftex.def on input line 95.
)
\Gin@req@height=\dimen120
\Gin@req@width=\dimen121
)
(/usr/share/texlive/texmf-dist/tex/latex/rotating/rotating.sty
Package: rotating 2009/03/28 v2.16a rotated objects in LaTeX
\c@r@tfl@t=\count110
\rotFPtop=\skip60
\rotFPbot=\skip61
\rot@float@box=\box31
\rot@mess@toks=\toks26
)
(/usr/share/texlive/texmf-dist/tex/latex/hyperref/hyperref.sty
Package: hyperref 2012/11/06 v6.83m Hypertext links for LaTeX

(/usr/share/texlive/texmf-dist/tex/generic/oberdiek/hobsub-hyperref.sty
Package: hobsub-hyperref 2012/05/28 v1.13 Bundle oberdiek, subset hyperref (HO)


(/usr/share/texlive/texmf-dist/tex/generic/oberdiek/hobsub-generic.sty
Package: hobsub-generic 2012/05/28 v1.13 Bundle oberdiek, subset generic (HO)
Package: hobsub 2012/05/28 v1.13 Construct package bundles (HO)
Package hobsub Info: Skipping package `infwarerr' (already loaded).
Package hobsub Info: Skipping package `ltxcmds' (already loaded).
Package: ifluatex 2010/03/01 v1.3 Provides the ifluatex switch (HO)
Package ifluatex Info: LuaTeX not detected.
Package: ifvtex 2010/03/01 v1.5 Detect VTeX and its facilities (HO)
Package ifvtex Info: VTeX not detected.
Package: intcalc 2007/09/27 v1.1 Expandable calculations with integers (HO)
Package: ifpdf 2011/01/30 v2.3 Provides the ifpdf switch (HO)
Package ifpdf Info: pdfTeX in PDF mode is detected.
Package: etexcmds 2011/02/16 v1.5 Avoid name clashes with e-TeX commands (HO)
Package etexcmds Info: Could not find \expanded.
(etexcmds)             That can mean that you are not using pdfTeX 1.50 or
(etexcmds)             that some package has redefined \expanded.
(etexcmds)             In the latter case, load this package earlier.
Package: kvsetkeys 2012/04/25 v1.16 Key value parser (HO)
Package: kvdefinekeys 2011/04/07 v1.3 Define keys (HO)
Package: pdftexcmds 2011/11/29 v0.20 Utility functions of pdfTeX for LuaTeX (HO
)
Package pdftexcmds Info: LuaTeX not detected.
Package pdftexcmds Info: \pdf@primitive is available.
Package pdftexcmds Info: \pdf@ifprimitive is available.
Package pdftexcmds Info: \pdfdraftmode found.
Package: pdfescape 2011/11/25 v1.13 Implements pdfTeX's escape features (HO)
Package: bigintcalc 2012/04/08 v1.3 Expandable calculations on big integers (HO
)
Package: bitset 2011/01/30 v1.1 Handle bit-vector datatype (HO)
Package: uniquecounter 2011/01/30 v1.2 Provide unlimited unique counter (HO)
)
Package hobsub Info: Skipping package `hobsub' (already loaded).
Package: letltxmacro 2010/09/02 v1.4 Let assignment for LaTeX macros (HO)
Package: hopatch 2012/05/28 v1.2 Wrapper for package hooks (HO)
Package: xcolor-patch 2011/01/30 xcolor patch
Package: atveryend 2011/06/30 v1.8 Hooks at the very end of document (HO)
Package atveryend Info: \enddocument detected (standard20110627).
Package: atbegshi 2011/10/05 v1.16 At begin shipout hook (HO)
Package: refcount 2011/10/16 v3.4 Data extraction from label references (HO)
Package: hycolor 2011/01/30 v1.7 Color options for hyperref/bookmark (HO)
)
(/usr/share/texlive/texmf-dist/tex/generic/ifxetex/ifxetex.sty
Package: ifxetex 2010/09/12 v0.6 Provides ifxetex conditional
)
(/usr/share/texlive/texmf-dist/tex/latex/oberdiek/auxhook.sty
Package: auxhook 2011/03/04 v1.3 Hooks for auxiliary files (HO)
)
(/usr/share/texlive/texmf-dist/tex/latex/oberdiek/kvoptions.sty
Package: kvoptions 2011/06/30 v3.11 Key value format for package options (HO)
)
\@linkdim=\dimen122
\Hy@linkcounter=\count111
\Hy@pagecounter=\count112

(/usr/share/texlive/texmf-dist/tex/latex/hyperref/pd1enc.def
File: pd1enc.def 2012/11/06 v6.83m Hyperref: PDFDocEncoding definition (HO)
Now handling font encoding PD1 ...
... no UTF-8 mapping file for font encoding PD1
)
\Hy@SavedSpaceFactor=\count113

(/usr/share/texlive/texmf-dist/tex/latex/latexconfig/hyperref.cfg
File: hyperref.cfg 2002/06/06 v1.2 hyperref configuration of TeXLive
)
Package hyperref Info: Option `colorlinks' set `true' on input line 4319.
Package hyperref Info: Option `bookmarks' set `true' on input line 4319.
Package hyperref Info: Option `bookmarksopen' set `true' on input line 4319.


Package hyperref Warning: Unexpected value `falsebookmarksnumbered'
(hyperref)                of option `plainpages' instead of
(hyperref)                `true' or 'false' on input line 4319.

Package hyperref Info: Option `hyperindex' set `false' on input line 4319.
Package hyperref Info: Hyper figures OFF on input line 4443.
Package hyperref Info: Link nesting OFF on input line 4448.
Package hyperref Info: Hyper index OFF on input line 4453.
Package hyperref Info: Plain pages OFF on input line 4458.
Package hyperref Info: Backreferencing OFF on input line 4463.
Package hyperref Info: Implicit mode ON; LaTeX internals redefined.
Package hyperref Info: Bookmarks ON on input line 4688.
\c@Hy@tempcnt=\count114
(/usr/share/texlive/texmf-dist/tex/latex/url/url.sty
\Urlmuskip=\muskip11
Package: url 2013/09/16  ver 3.4  Verb mode for urls, etc.
)
LaTeX Info: Redefining \url on input line 5041.
\XeTeXLinkMargin=\dimen123
\Fld@menulength=\count115
\Field@Width=\dimen124
\Fld@charsize=\dimen125
Package hyperref Info: Hyper figures OFF on input line 6295.
Package hyperref Info: Link nesting OFF on input line 6300.
Package hyperref Info: Hyper index OFF on input line 6305.
Package hyperref Info: backreferencing OFF on input line 6310.
Package hyperref Info: Link coloring ON on input line 6313.
Package hyperref Info: Link coloring with OCG OFF on input line 6320.
Package hyperref Info: PDF/A mode OFF on input line 6325.
LaTeX Info: Redefining \ref on input line 6365.
LaTeX Info: Redefining \pageref on input line 6369.
\Hy@abspage=\count116
\c@Item=\count117
\c@Hfootnote=\count118
)

Package hyperref Message: Driver: hpdftex.

(/usr/share/texlive/texmf-dist/tex/latex/hyperref/hpdftex.def
File: hpdftex.def 2012/11/06 v6.83m Hyperref driver for pdfTeX
\Fld@listcount=\count119
\c@bookmark@seq@number=\count120

(/usr/share/texlive/texmf-dist/tex/latex/oberdiek/rerunfilecheck.sty
Package: rerunfilecheck 2011/04/15 v1.7 Rerun checks for auxiliary files (HO)
Package uniquecounter Info: New unique counter `rerunfilecheck' on input line 2
82.
)
\Hy@SectionHShift=\skip62
)

Class scrbook Warning: Usage of package `parskip' together
(scrbook)              with a KOMA-Script class is not recommended.
(scrbook)              I'd suggest to use option
(scrbook)              `parskip' with one of it's several values.
(scrbook)              Nevertheless, using requested
(scrbook)              package `parskip' on input line 146.

(/usr/share/texlive/texmf-dist/tex/latex/parskip/parskip.sty
Package: parskip 2001/04/09 non-zero parskip adjustments
)
(/usr/share/texlive/texmf-dist/tex/latex/listings/listings.sty
\lst@mode=\count121
\lst@gtempboxa=\box32
\lst@token=\toks27
\lst@length=\count122
\lst@currlwidth=\dimen126
\lst@column=\count123
\lst@pos=\count124
\lst@lostspace=\dimen127
\lst@width=\dimen128
\lst@newlines=\count125
\lst@lineno=\count126
\lst@maxwidth=\dimen129

(/usr/share/texlive/texmf-dist/tex/latex/listings/lstmisc.sty
File: lstmisc.sty 2015/06/04 1.6 (Carsten Heinz)
\c@lstnumber=\count127
\lst@skipnumbers=\count128
\lst@framebox=\box33
)
(/usr/share/texlive/texmf-dist/tex/latex/listings/listings.cfg
File: listings.cfg 2015/06/04 1.6 listings configuration
))
Package: listings 2015/06/04 1.6 (Carsten Heinz)

(/usr/share/texlive/texmf-dist/tex/latex/xcolor/xcolor.sty
Package: xcolor 2007/01/21 v2.11 LaTeX color extensions (UK)

(/usr/share/texlive/texmf-dist/tex/latex/latexconfig/color.cfg
File: color.cfg 2007/01/18 v1.5 color configuration of teTeX/TeXLive
)
Package xcolor Info: Driver file: pdftex.def on input line 225.
LaTeX Info: Redefining \color on input line 702.
Package xcolor Info: Model `cmy' substituted by `cmy0' on input line 1337.
Package xcolor Info: Model `hsb' substituted by `rgb' on input line 1341.
Package xcolor Info: Model `RGB' extended on input line 1353.
Package xcolor Info: Model `HTML' substituted by `rgb' on input line 1355.
Package xcolor Info: Model `Hsb' substituted by `hsb' on input line 1356.
Package xcolor Info: Model `tHsb' substituted by `hsb' on input line 1357.
Package xcolor Info: Model `HSB' substituted by `hsb' on input line 1358.
Package xcolor Info: Model `Gray' substituted by `gray' on input line 1359.
Package xcolor Info: Model `wave' substituted by `hsb' on input line 1360.
)
(/usr/share/texlive/texmf-dist/tex/latex/caption/caption.sty
Package: caption 2016/02/21 v3.3-144 Customizing captions (AR)

(/usr/share/texlive/texmf-dist/tex/latex/caption/caption3.sty
Package: caption3 2016/02/04 v1.7-139 caption3 kernel (AR)
Package caption3 Info: TeX engine: e-TeX on input line 67.
\captionmargin=\dimen130
\captionmargin@=\dimen131
\captionwidth=\dimen132
\caption@tempdima=\dimen133
\caption@indent=\dimen134
\caption@parindent=\dimen135
\caption@hangindent=\dimen136
)
Package caption Info: KOMA-Script document class.
\c@ContinuedFloat=\count129
Package caption Info: float package is loaded.
Package caption Info: hyperref package is loaded.
Package caption Info: listings package is loaded.
Package caption Info: rotating package is loaded.
Package caption Info: subfigure package is loaded.
))
(./components/commands.tex
\c@theorem=\count130
)
Package hyperref Info: Option `colorlinks' set `false' on input line 54.
\@glossaryfile=\write3
\openout3 = `main.glo'.


Writing glossary file main.glo 
(./main.aux)
\openout1 = `main.aux'.

LaTeX Font Info:    Checking defaults for OML/cmm/m/it on input line 63.
LaTeX Font Info:    ... okay on input line 63.
LaTeX Font Info:    Checking defaults for T1/cmr/m/n on input line 63.
LaTeX Font Info:    ... okay on input line 63.
LaTeX Font Info:    Checking defaults for OT1/cmr/m/n on input line 63.
LaTeX Font Info:    ... okay on input line 63.
LaTeX Font Info:    Checking defaults for OMS/cmsy/m/n on input line 63.
LaTeX Font Info:    ... okay on input line 63.
LaTeX Font Info:    Checking defaults for OMX/cmex/m/n on input line 63.
LaTeX Font Info:    ... okay on input line 63.
LaTeX Font Info:    Checking defaults for U/cmr/m/n on input line 63.
LaTeX Font Info:    ... okay on input line 63.
LaTeX Font Info:    Checking defaults for TS1/cmr/m/n on input line 63.
LaTeX Font Info:    Try loading font information for TS1+cmr on input line 63.
 (/usr/share/texlive/texmf-dist/tex/latex/base/ts1cmr.fd
File: ts1cmr.fd 2014/09/29 v2.5h Standard LaTeX font definitions
)
LaTeX Font Info:    ... okay on input line 63.
LaTeX Font Info:    Checking defaults for PD1/pdf/m/n on input line 63.
LaTeX Font Info:    ... okay on input line 63.
LaTeX Font Info:    Try loading font information for OT1+ppl on input line 63.

(/usr/share/texlive/texmf-dist/tex/latex/psnfss/ot1ppl.fd
File: ot1ppl.fd 2001/06/04 font definitions for OT1/ppl.
)
(/usr/share/texlive/texmf-dist/tex/context/base/supp-pdf.mkii
[Loading MPS to PDF converter (version 2006.09.02).]
\scratchcounter=\count131
\scratchdimen=\dimen137
\scratchbox=\box34
\nofMPsegments=\count132
\nofMParguments=\count133
\everyMPshowfont=\toks28
\MPscratchCnt=\count134
\MPscratchDim=\dimen138
\MPnumerator=\count135
\makeMPintoPDFobject=\count136
\everyMPtoPDFconversion=\toks29
) (/usr/share/texlive/texmf-dist/tex/latex/oberdiek/epstopdf-base.sty
Package: epstopdf-base 2010/02/09 v2.5 Base part for package epstopdf

(/usr/share/texlive/texmf-dist/tex/latex/oberdiek/grfext.sty
Package: grfext 2010/08/19 v1.1 Manage graphics extensions (HO)
)
Package grfext Info: Graphics extension search list:
(grfext)             [.jpg,.JPG,.png,.pdf,.eps]
(grfext)             \AppendGraphicsExtensions on input line 452.

(/usr/share/texlive/texmf-dist/tex/latex/latexconfig/epstopdf-sys.cfg
File: epstopdf-sys.cfg 2010/07/13 v1.3 Configuration of (r)epstopdf for TeX Liv
e
))
\AtBeginShipoutBox=\box35
Package hyperref Info: Link coloring OFF on input line 63.

(/usr/share/texlive/texmf-dist/tex/latex/hyperref/nameref.sty
Package: nameref 2012/10/27 v2.43 Cross-referencing by name of section

(/usr/share/texlive/texmf-dist/tex/generic/oberdiek/gettitlestring.sty
Package: gettitlestring 2010/12/03 v1.4 Cleanup title references (HO)
)
\c@section@level=\count137
)
LaTeX Info: Redefining \ref on input line 63.
LaTeX Info: Redefining \pageref on input line 63.
LaTeX Info: Redefining \nameref on input line 63.

(./main.out) (./main.out)
\@outlinefile=\write4
\openout4 = `main.out'.

\c@lstlisting=\count138
Package caption Info: Begin \AtBeginDocument code.
Package caption Info: End \AtBeginDocument code.
 (./components/cover.tex

Class scrbook Warning: Usage of deprecated font command `\bf'!
(scrbook)              You should note, that in 1994 font command `\bf' has
(scrbook)              been defined for compatiblitiy to Script 2.0 only.
(scrbook)              Now, after two decades of LaTeX2e and NFSS2, you
(scrbook)              shouldn't use such commands any longer and within
(scrbook)              KOMA-Script usage of `\bf' is definitely deprecated.
(scrbook)              See `fntguide.pdf' for more information about
(scrbook)              recommended font commands.
(scrbook)              Note also, that KOMA-Script will remove the definition
(scrbook)              of `\bf' anytime until release of about version 3.20.
(scrbook)              But for now, KOMA-Script will replace deprecated `\bf'
(scrbook)              by `\normalfont \bfseries ' on input line 45.

LaTeX Font Info:    Font shape `OT1/ppl/bx/n' in size <20.74> not available
(Font)              Font shape `OT1/ppl/b/n' tried instead on input line 45.
<styles/informat.png, id=134, 355.3275pt x 355.3275pt>
File: styles/informat.png Graphic file (type png)

<use styles/informat.png>
Package pdftex.def Info: styles/informat.png used on input line 57.
(pdftex.def)             Requested size: 113.81102pt x 113.81012pt.
) [1




{/var/lib/texmf/fonts/map/pdftex/updmap/pdftex.map} <./styles/informat.png>] [2

] (./components/titlepage.tex
LaTeX Font Info:    Try loading font information for OMX+yhex on input line 48.


(/usr/share/texlive/texmf-dist/tex/latex/yhmath/OMXyhex.fd
File: OMXyhex.fd 
File: OMXyhex.fd 2013/07/03 v1.1 YH's humble contribution to TeX maths (NP)
)
LaTeX Font Info:    External font `yhcmex10' loaded for size
(Font)              <10.95> on input line 48.
LaTeX Font Info:    External font `yhcmex10' loaded for size
(Font)              <8> on input line 48.
LaTeX Font Info:    External font `yhcmex10' loaded for size
(Font)              <6> on input line 48.
LaTeX Font Info:    Try loading font information for U+msa on input line 48.

(/usr/share/texlive/texmf-dist/tex/latex/amsfonts/umsa.fd
File: umsa.fd 2013/01/14 v3.01 AMS symbols A
)
LaTeX Font Info:    Try loading font information for U+msb on input line 48.

(/usr/share/texlive/texmf-dist/tex/latex/amsfonts/umsb.fd
File: umsb.fd 2013/01/14 v3.01 AMS symbols B
)
File: styles/informat.png Graphic file (type png)

<use styles/informat.png>
Package pdftex.def Info: styles/informat.png used on input line 59.
(pdftex.def)             Requested size: 113.81102pt x 113.81012pt.
) (./components/disclaimer.tex [3] [4

] [5])
(./components/abstract.tex [6

]

Class scrbook Warning: Usage of deprecated font command `\bf'!
(scrbook)              You should note, that in 1994 font command `\bf' has
(scrbook)              been defined for compatiblitiy to Script 2.0 only.
(scrbook)              Now, after two decades of LaTeX2e and NFSS2, you
(scrbook)              shouldn't use such commands any longer and within
(scrbook)              KOMA-Script usage of `\bf' is definitely deprecated.
(scrbook)              See `fntguide.pdf' for more information about
(scrbook)              recommended font commands.
(scrbook)              Note also, that KOMA-Script will remove the definition
(scrbook)              of `\bf' anytime until release of about version 3.20.
(scrbook)              But for now, KOMA-Script will replace deprecated `\bf'
(scrbook)              by `\normalfont \bfseries ' on input line 15.

LaTeX Font Info:    Font shape `OT1/ppl/bx/n' in size <14.4> not available
(Font)              Font shape `OT1/ppl/b/n' tried instead on input line 15.
) [7] [8

]
LaTeX Font Info:    Font shape `OT1/ppl/bx/n' in size <10.95> not available
(Font)              Font shape `OT1/ppl/b/n' tried instead on input line 86.
 (./main.toc [9])
\tf@toc=\write5
\openout5 = `main.toc'.

 (./components/abbreviations.tex [10]) [11

] [12


]
(./chapters/Introduction.tex
chapter 1.

Class scrbook Warning: \float@addtolists detected!
(scrbook)              Implementation of \float@addtolist became
(scrbook)              deprecated in KOMA-Script v3.01 2008/11/14 and
(scrbook)              has been replaced by several more flexible
(scrbook)              features of package `tocbasic`.
(scrbook)              Since Version 3.12 support for deprecated
(scrbook)              \float@addtolist interface has been
(scrbook)              restricted to only some of the KOMA-Script
(scrbook)              features and been removed from others.
(scrbook)              Loading of package `scrhack' may help to
(scrbook)              avoid this warning, if you are using a
(scrbook)              a package that still implements the
(scrbook)              deprecated \float@addtolist interface .

[1

]
Underfull \vbox (badness 2932) has occurred while \output is active []

 [2]

LaTeX Warning: Reference `hgg' on page 3 undefined on input line 70.

) (./chapters/theory.tex
Underfull \vbox (badness 2932) has occurred while \output is active []

 [3]
[4]
chapter 2.

LaTeX Warning: Reference `rlwiki' on page 5 undefined on input line 20.

[5

]
LaTeX Font Info:    Try loading font information for TS1+ppl on input line 23.
 (/usr/share/texlive/texmf-dist/tex/latex/psnfss/ts1ppl.fd
File: ts1ppl.fd 2001/06/04 font definitions for TS1/ppl.
)
<figures/rl_general.jpg, id=274, 421.575pt x 162.6075pt>
File: figures/rl_general.jpg Graphic file (type jpg)

<use figures/rl_general.jpg>
Package pdftex.def Info: figures/rl_general.jpg used on input line 35.
(pdftex.def)             Requested size: 428.9801pt x 165.4679pt.
 [6 <./figures/rl_general.jpg>] [7]
<figures/neural_network.png, id=316, 1322.9425pt x 865.2325pt>
File: figures/neural_network.png Graphic file (type png)

<use figures/neural_network.png>
Package pdftex.def Info: figures/neural_network.png used on input line 110.
(pdftex.def)             Requested size: 428.9801pt x 280.55031pt.


LaTeX Warning: `h' float specifier changed to `ht'.

<figures/neuron.jpeg, id=320, 653.44125pt x 332.24126pt>
File: figures/neuron.jpeg Graphic file (type jpg)

<use figures/neuron.jpeg>
Package pdftex.def Info: figures/neuron.jpeg used on input line 123.
(pdftex.def)             Requested size: 428.9801pt x 218.11389pt.


LaTeX Warning: `h' float specifier changed to `ht'.

[8]

LaTeX Warning: Citation `(ddpg)' on page 9 undefined on input line 138.

[9 <./figures/neural_network.png (PNG copy)>] [10 <./figures/neuron.jpeg>])
(./chapters/methodology.tex [11] [12

]
chapter 3.
LaTeX Font Info:    Font shape `OT1/ppl/bx/n' in size <12> not available
(Font)              Font shape `OT1/ppl/b/n' tried instead on input line 19.

LaTeX Warning: Reference `mujoco' on page 13 undefined on input line 23.

[13] <figures/FetchPickAndPlace-v1.png, id=365, 1862.96pt x 1060.96375pt>
File: figures/FetchPickAndPlace-v1.png Graphic file (type png)

<use figures/FetchPickAndPlace-v1.png>
Package pdftex.def Info: figures/FetchPickAndPlace-v1.png used on input line 51
.
(pdftex.def)             Requested size: 428.9801pt x 244.30792pt.


LaTeX Warning: `h' float specifier changed to `ht'.


Underfull \vbox (badness 1546) has occurred while \output is active []

 [14]

LaTeX Warning: Reference `herpaper' on page 15 undefined on input line 60.

[15 <./figures/FetchPickAndPlace-v1.png>]) (./chapters/experiments.tex [16]
chapter 4.

Overfull \hbox (1.02103pt too wide) in paragraph at lines 4--11
\OT1/ppl/m/n/10.95 First the four robotics en-vi-ron-ments "FetchReach", "Fetch
-Push", "Fetch-Slide" and "Fetch-
 []

<figures/FetchReach-v1.png, id=386, 1860.9525pt x 1060.96375pt>
File: figures/FetchReach-v1.png Graphic file (type png)

<use figures/FetchReach-v1.png>
Package pdftex.def Info: figures/FetchReach-v1.png used on input line 43.
(pdftex.def)             Requested size: 428.9801pt x 244.56696pt.


LaTeX Warning: `h' float specifier changed to `ht'.


Underfull \vbox (badness 3029) has occurred while \output is active []

 [17

]
<figures/FetchPush-v1.png, id=393, 1862.96pt x 1064.97874pt>
File: figures/FetchPush-v1.png Graphic file (type png)

<use figures/FetchPush-v1.png>
Package pdftex.def Info: figures/FetchPush-v1.png used on input line 62.
(pdftex.def)             Requested size: 428.9801pt x 245.23247pt.


LaTeX Warning: `h' float specifier changed to `ht'.

[18 <./figures/FetchReach-v1.png>]
<figures/FetchSlide-v1.png, id=403, 1862.96pt x 1057.9525pt>
File: figures/FetchSlide-v1.png Graphic file (type png)

<use figures/FetchSlide-v1.png>
Package pdftex.def Info: figures/FetchSlide-v1.png used on input line 78.
(pdftex.def)             Requested size: 428.9801pt x 243.61453pt.


LaTeX Warning: `h' float specifier changed to `ht'.

[19 <./figures/FetchPush-v1.png>]
File: figures/FetchPickAndPlace-v1.png Graphic file (type png)
 <use figures/FetchPickAndPlace-v1.png>
Package pdftex.def Info: figures/FetchPickAndPlace-v1.png used on input line 95
.
(pdftex.def)             Requested size: 428.9801pt x 244.30792pt.


LaTeX Warning: `h' float specifier changed to `ht'.

[20 <./figures/FetchSlide-v1.png>]
<figures/fig_FetchReach-v1.png, id=417, 462.528pt x 346.896pt>
File: figures/fig_FetchReach-v1.png Graphic file (type png)

<use figures/fig_FetchReach-v1.png>
Package pdftex.def Info: figures/fig_FetchReach-v1.png used on input line 113.
(pdftex.def)             Requested size: 210.2026pt x 157.65265pt.

<figures/fig_FetchPush-v1.png, id=418, 462.528pt x 346.896pt>
File: figures/fig_FetchPush-v1.png Graphic file (type png)

<use figures/fig_FetchPush-v1.png>
Package pdftex.def Info: figures/fig_FetchPush-v1.png used on input line 114.
(pdftex.def)             Requested size: 210.2026pt x 157.65265pt.

<figures/fig_FetchSlide-v1.png, id=419, 462.528pt x 346.896pt>
File: figures/fig_FetchSlide-v1.png Graphic file (type png)

<use figures/fig_FetchSlide-v1.png>
Package pdftex.def Info: figures/fig_FetchSlide-v1.png used on input line 115.
(pdftex.def)             Requested size: 210.2026pt x 157.65265pt.

<figures/fig_FetchPickAndPlace-v1.png, id=420, 462.528pt x 346.896pt>
File: figures/fig_FetchPickAndPlace-v1.png Graphic file (type png)

<use figures/fig_FetchPickAndPlace-v1.png>
Package pdftex.def Info: figures/fig_FetchPickAndPlace-v1.png used on input lin
e 116.
(pdftex.def)             Requested size: 210.2026pt x 157.65265pt.


LaTeX Warning: `h' float specifier changed to `ht'.

[21]
Underfull \vbox (badness 10000) has occurred while \output is active []

 [22 <./figures/fig_FetchReach-v1.png> <./figures/fig_FetchPush-v1.png> <./figu
res/fig_FetchSlide-v1.png> <./figures/fig_FetchPickAndPlace-v1.png>]
<figures/FetchSlideball-v3.png, id=439, 1862.96pt x 1060.96375pt>
File: figures/FetchSlideball-v3.png Graphic file (type png)

<use figures/FetchSlideball-v3.png>
Package pdftex.def Info: figures/FetchSlideball-v3.png used on input line 156.
(pdftex.def)             Requested size: 428.9801pt x 244.30792pt.


LaTeX Warning: `!h' float specifier changed to `!ht'.

File: figures/fig_FetchSlide-v1.png Graphic file (type png)
<use figures/fig_FetchSlide-v1.png>
Package pdftex.def Info: figures/fig_FetchSlide-v1.png used on input line 173.
(pdftex.def)             Requested size: 210.2026pt x 157.65265pt.

<figures/fig_FetchSlideball-v1.png, id=441, 462.528pt x 346.896pt>
File: figures/fig_FetchSlideball-v1.png Graphic file (type png)

<use figures/fig_FetchSlideball-v1.png>
Package pdftex.def Info: figures/fig_FetchSlideball-v1.png used on input line 1
74.
(pdftex.def)             Requested size: 210.2026pt x 157.65265pt.


LaTeX Warning: `!h' float specifier changed to `!ht'.

[23]
Underfull \vbox (badness 1609) has occurred while \output is active []

 [24 <./figures/FetchSlideball-v3.png> <./figures/fig_FetchSlideball-v1.png>]
<figures/fig_FetchSlideball-v2.png, id=459, 462.528pt x 346.896pt>
File: figures/fig_FetchSlideball-v2.png Graphic file (type png)

<use figures/fig_FetchSlideball-v2.png>
Package pdftex.def Info: figures/fig_FetchSlideball-v2.png used on input line 1
90.
(pdftex.def)             Requested size: 428.9801pt x 321.75244pt.

<figures/fig_FetchSlideball-v4.png, id=461, 462.528pt x 346.896pt>
File: figures/fig_FetchSlideball-v4.png Graphic file (type png)

<use figures/fig_FetchSlideball-v4.png>
Package pdftex.def Info: figures/fig_FetchSlideball-v4.png used on input line 2
02.
(pdftex.def)             Requested size: 428.9801pt x 321.75244pt.


LaTeX Warning: `h' float specifier changed to `ht'.

[25 <./figures/fig_FetchSlideball-v2.png>]
<figures/fig_FetchSlideball-v3.png, id=472, 462.528pt x 346.896pt>
File: figures/fig_FetchSlideball-v3.png Graphic file (type png)

<use figures/fig_FetchSlideball-v3.png>
Package pdftex.def Info: figures/fig_FetchSlideball-v3.png used on input line 2
16.
(pdftex.def)             Requested size: 428.9801pt x 321.75244pt.


LaTeX Warning: `h' float specifier changed to `ht'.


Underfull \vbox (badness 10000) has occurred while \output is active []

 [26 <./figures/fig_FetchSlideball-v4.png>] [27 <./figures/fig_FetchSlideball-v
3.png>]
<figures/FetchToss-v1.png, id=484, 1862.96pt x 1055.945pt>
File: figures/FetchToss-v1.png Graphic file (type png)

<use figures/FetchToss-v1.png>
Package pdftex.def Info: figures/FetchToss-v1.png used on input line 250.
(pdftex.def)             Requested size: 428.9801pt x 243.15227pt.

Underfull \vbox (badness 3029) has occurred while \output is active []

 [28]
File: figures/fig_FetchPickAndPlace-v1.png Graphic file (type png)

<use figures/fig_FetchPickAndPlace-v1.png>
Package pdftex.def Info: figures/fig_FetchPickAndPlace-v1.png used on input lin
e 262.
(pdftex.def)             Requested size: 210.2026pt x 157.65265pt.

<figures/fig_FetchPickAndPlaceball-v1.png, id=490, 462.528pt x 346.896pt>
File: figures/fig_FetchPickAndPlaceball-v1.png Graphic file (type png)

<use figures/fig_FetchPickAndPlaceball-v1.png>
Package pdftex.def Info: figures/fig_FetchPickAndPlaceball-v1.png used on input
 line 263.
(pdftex.def)             Requested size: 210.2026pt x 157.65265pt.

Overfull \hbox (3.01396pt too wide) in paragraph at lines 269--270
\OT1/ppl/m/n/10.95 PichAnd-Place-ball al-ready slows down with be-ing more suc-
cess-ful. Over-all Fetch-PickAnd-
 []

<figures/fig_FetchToss-v1.png, id=492, 462.528pt x 346.896pt>
File: figures/fig_FetchToss-v1.png Graphic file (type png)

<use figures/fig_FetchToss-v1.png>
Package pdftex.def Info: figures/fig_FetchToss-v1.png used on input line 274.
(pdftex.def)             Requested size: 428.9801pt x 321.75244pt.
 [29 <./figures/FetchToss-v1.png>]
<figures/FetchToss-v0.png, id=503, 1862.96pt x 1057.9525pt>
File: figures/FetchToss-v0.png Graphic file (type png)

<use figures/FetchToss-v0.png>
Package pdftex.def Info: figures/FetchToss-v0.png used on input line 284.
(pdftex.def)             Requested size: 428.9801pt x 243.61453pt.


LaTeX Warning: `!h' float specifier changed to `!ht'.

[30 <./figures/fig_FetchPickAndPlaceball-v1.png>]) (./chapters/conclusion.tex
[31 <./figures/fig_FetchToss-v1.png>] [32 <./figures/FetchToss-v0.png>]
chapter 5.
) (./chapters/oneAppendix.tex [33

] [34

]
chapter A.
) [35] [36

] (./main.lof)
\tf@lof=\write6
\openout6 = `main.lof'.

 (./main.bbl [37

] [38

]
chapter without number
[39])

Package caption Warning: Unused \captionsetup[lstlisting] on input line 177.
See the caption package documentation for explanation.

Package atveryend Info: Empty hook `BeforeClearDocument' on input line 139.
[40]
Package atveryend Info: Empty hook `AfterLastShipout' on input line 139.
 (./main.aux)
Package atveryend Info: Executing hook `AtVeryEndDocument' on input line 139.
Package atveryend Info: Executing hook `AtEndAfterFileList' on input line 139.
Package rerunfilecheck Info: File `main.out' has not changed.
(rerunfilecheck)             Checksum: 506CDD0D4A50E1526BE8B0829CA5CB6B;2053.


LaTeX Warning: There were undefined references.

Package atveryend Info: Empty hook `AtVeryVeryEnd' on input line 139.
 ) 
Here is how much of TeX's memory you used:
 13266 strings out of 493029
 200630 string characters out of 6136234
 360797 words of memory out of 5000000
 16335 multiletter control sequences out of 15000+600000
 22447 words of font info for 59 fonts, out of 8000000 for 9000
 1141 hyphenation exceptions out of 8191
 43i,11n,66p,1110b,515s stack positions out of 5000i,500n,10000p,200000b,80000s
{/usr/share/texlive/texmf-dist/fonts/enc/dvips/base/8r.enc}</usr/share/texliv
e/texmf-dist/fonts/type1/public/amsfonts/cm/cmex10.pfb></usr/share/texlive/texm
f-dist/fonts/type1/public/amsfonts/cm/cmmi10.pfb></usr/share/texlive/texmf-dist
/fonts/type1/public/amsfonts/cm/cmmi8.pfb></usr/share/texlive/texmf-dist/fonts/
type1/public/amsfonts/cm/cmr10.pfb></usr/share/texlive/texmf-dist/fonts/type1/p
ublic/amsfonts/cm/cmsy10.pfb></usr/share/texlive/texmf-dist/fonts/type1/public/
amsfonts/cm/cmsy6.pfb></usr/share/texlive/texmf-dist/fonts/type1/public/amsfont
s/cm/cmsy8.pfb></usr/share/texlive/texmf-dist/fonts/type1/public/amsfonts/symbo
ls/msbm10.pfb></usr/share/texlive/texmf-dist/fonts/type1/urw/palatino/uplb8a.pf
b></usr/share/texlive/texmf-dist/fonts/type1/urw/palatino/uplr8a.pfb></usr/shar
e/texlive/texmf-dist/fonts/type1/urw/palatino/uplr8a.pfb></usr/share/texlive/te
xmf-dist/fonts/type1/urw/palatino/uplri8a.pfb>
Output written on main.pdf (52 pages, 1659421 bytes).
PDF statistics:
 660 PDF objects out of 1000 (max. 8388607)
 546 compressed objects within 6 object streams
 148 named destinations out of 1000 (max. 500000)
 370 words of extra memory for PDF output out of 10000 (max. 10000000)

